[error] Failed to fetch Firebase Project from Studio Workspace because WORKSPACE_SLUG environment variable is empty
[error] Failed to fetch Firebase Project from Studio Workspace because WORKSPACE_SLUG environment variable is empty
[error] Failed to fetch Firebase Project from Studio Workspace because WORKSPACE_SLUG environment variable is empty
[error] Failed to fetch Firebase Project from Studio Workspace because WORKSPACE_SLUG environment variable is empty
[debug] [2026-01-28T09:16:59.023Z] > command requires scopes: ["email","openid","https://www.googleapis.com/auth/cloudplatformprojects.readonly","https://www.googleapis.com/auth/firebase","https://www.googleapis.com/auth/cloud-platform","https://www.googleapis.com/auth/userinfo.email"]
[debug] [2026-01-28T09:16:59.026Z] > authorizing via signed-in user (dakdlsj@gmail.com)
[debug] [2026-01-28T09:16:59.028Z] No OAuth tokens found
[debug] [2026-01-28T09:16:59.028Z] No OAuth tokens found
[debug] [2026-01-28T09:16:59.028Z] > command requires scopes: ["email","openid","https://www.googleapis.com/auth/cloudplatformprojects.readonly","https://www.googleapis.com/auth/firebase","https://www.googleapis.com/auth/cloud-platform","https://www.googleapis.com/auth/userinfo.email"]
[debug] [2026-01-28T09:16:59.029Z] > authorizing via signed-in user (dakdlsj@gmail.com)
[debug] [2026-01-28T09:16:59.029Z] > command requires scopes: ["email","openid","https://www.googleapis.com/auth/cloudplatformprojects.readonly","https://www.googleapis.com/auth/firebase","https://www.googleapis.com/auth/cloud-platform","https://www.googleapis.com/auth/userinfo.email"]
[debug] [2026-01-28T09:16:59.029Z] > authorizing via signed-in user (dakdlsj@gmail.com)
[debug] [2026-01-28T09:16:59.030Z] No OAuth tokens found
[debug] [2026-01-28T09:16:59.030Z] No OAuth tokens found
[debug] [2026-01-28T09:16:59.030Z] > command requires scopes: ["email","openid","https://www.googleapis.com/auth/cloudplatformprojects.readonly","https://www.googleapis.com/auth/firebase","https://www.googleapis.com/auth/cloud-platform","https://www.googleapis.com/auth/userinfo.email"]
[debug] [2026-01-28T09:16:59.030Z] > authorizing via signed-in user (dakdlsj@gmail.com)
[debug] [2026-01-28T09:16:59.032Z] >>> [apiv2][query] GET https://cloudbilling.googleapis.com/v1/projects/productbulider-week1/billingInfo [none]
[debug] [2026-01-28T09:16:59.067Z] >>> [apiv2][query] GET https://cloudbilling.googleapis.com/v1/projects/productbulider-week1/billingInfo [none]
[debug] [2026-01-28T09:16:59.313Z] <<< [apiv2][status] GET https://cloudbilling.googleapis.com/v1/projects/productbulider-week1/billingInfo 200
[debug] [2026-01-28T09:16:59.313Z] <<< [apiv2][body] GET https://cloudbilling.googleapis.com/v1/projects/productbulider-week1/billingInfo {"name":"projects/productbulider-week1/billingInfo","projectId":"productbulider-week1","billingAccountName":"","billingEnabled":false}
[debug] [2026-01-28T09:16:59.331Z] No OAuth tokens found
[debug] [2026-01-28T09:16:59.331Z] No OAuth tokens found
[debug] [2026-01-28T09:16:59.331Z] > command requires scopes: ["email","openid","https://www.googleapis.com/auth/cloudplatformprojects.readonly","https://www.googleapis.com/auth/firebase","https://www.googleapis.com/auth/cloud-platform","https://www.googleapis.com/auth/userinfo.email"]
[debug] [2026-01-28T09:16:59.331Z] > authorizing via signed-in user (dakdlsj@gmail.com)
[debug] [2026-01-28T09:16:59.332Z] No OAuth tokens found
[debug] [2026-01-28T09:16:59.332Z] No OAuth tokens found
[debug] [2026-01-28T09:16:59.332Z] > command requires scopes: ["email","openid","https://www.googleapis.com/auth/cloudplatformprojects.readonly","https://www.googleapis.com/auth/firebase","https://www.googleapis.com/auth/cloud-platform","https://www.googleapis.com/auth/userinfo.email"]
[debug] [2026-01-28T09:16:59.332Z] > authorizing via signed-in user (dakdlsj@gmail.com)
[debug] [2026-01-28T09:16:59.333Z] No OAuth tokens found
[debug] [2026-01-28T09:16:59.333Z] No OAuth tokens found
[debug] [2026-01-28T09:16:59.333Z] > command requires scopes: ["email","openid","https://www.googleapis.com/auth/cloudplatformprojects.readonly","https://www.googleapis.com/auth/firebase","https://www.googleapis.com/auth/cloud-platform","https://www.googleapis.com/auth/userinfo.email"]
[debug] [2026-01-28T09:16:59.333Z] > authorizing via signed-in user (dakdlsj@gmail.com)
[debug] [2026-01-28T09:16:59.333Z] No OAuth tokens found
[debug] [2026-01-28T09:16:59.333Z] No OAuth tokens found
[debug] [2026-01-28T09:16:59.334Z] > command requires scopes: ["email","openid","https://www.googleapis.com/auth/cloudplatformprojects.readonly","https://www.googleapis.com/auth/firebase","https://www.googleapis.com/auth/cloud-platform","https://www.googleapis.com/auth/userinfo.email"]
[debug] [2026-01-28T09:16:59.334Z] > authorizing via signed-in user (dakdlsj@gmail.com)
[debug] [2026-01-28T09:16:59.334Z] No OAuth tokens found
[debug] [2026-01-28T09:16:59.334Z] No OAuth tokens found
[debug] [2026-01-28T09:16:59.334Z] > command requires scopes: ["email","openid","https://www.googleapis.com/auth/cloudplatformprojects.readonly","https://www.googleapis.com/auth/firebase","https://www.googleapis.com/auth/cloud-platform","https://www.googleapis.com/auth/userinfo.email"]
[debug] [2026-01-28T09:16:59.335Z] > authorizing via signed-in user (dakdlsj@gmail.com)
[debug] [2026-01-28T09:16:59.335Z] No OAuth tokens found
[debug] [2026-01-28T09:16:59.335Z] No OAuth tokens found
[debug] [2026-01-28T09:16:59.335Z] > command requires scopes: ["email","openid","https://www.googleapis.com/auth/cloudplatformprojects.readonly","https://www.googleapis.com/auth/firebase","https://www.googleapis.com/auth/cloud-platform","https://www.googleapis.com/auth/userinfo.email"]
[debug] [2026-01-28T09:16:59.335Z] > authorizing via signed-in user (dakdlsj@gmail.com)
[debug] [2026-01-28T09:16:59.335Z] No OAuth tokens found
[debug] [2026-01-28T09:16:59.336Z] No OAuth tokens found
[debug] [2026-01-28T09:16:59.336Z] > command requires scopes: ["email","openid","https://www.googleapis.com/auth/cloudplatformprojects.readonly","https://www.googleapis.com/auth/firebase","https://www.googleapis.com/auth/cloud-platform","https://www.googleapis.com/auth/userinfo.email"]
[debug] [2026-01-28T09:16:59.336Z] > authorizing via signed-in user (dakdlsj@gmail.com)
[debug] [2026-01-28T09:16:59.351Z] No OAuth tokens found
[debug] [2026-01-28T09:16:59.351Z] No OAuth tokens found
[debug] [2026-01-28T09:16:59.352Z] > command requires scopes: ["email","openid","https://www.googleapis.com/auth/cloudplatformprojects.readonly","https://www.googleapis.com/auth/firebase","https://www.googleapis.com/auth/cloud-platform","https://www.googleapis.com/auth/userinfo.email"]
[debug] [2026-01-28T09:16:59.352Z] > authorizing via signed-in user (dakdlsj@gmail.com)
[debug] [2026-01-28T09:16:59.352Z] No OAuth tokens found
[debug] [2026-01-28T09:16:59.352Z] No OAuth tokens found
[debug] [2026-01-28T09:16:59.352Z] > command requires scopes: ["email","openid","https://www.googleapis.com/auth/cloudplatformprojects.readonly","https://www.googleapis.com/auth/firebase","https://www.googleapis.com/auth/cloud-platform","https://www.googleapis.com/auth/userinfo.email"]
[debug] [2026-01-28T09:16:59.352Z] > authorizing via signed-in user (dakdlsj@gmail.com)
[debug] [2026-01-28T09:16:59.353Z] >>> [apiv2][query] GET https://serviceusage.googleapis.com/v1/projects/productbulider-week1/services/firestore.googleapis.com [none]
[debug] [2026-01-28T09:16:59.353Z] >>> [apiv2][(partial)header] GET https://serviceusage.googleapis.com/v1/projects/productbulider-week1/services/firestore.googleapis.com x-goog-quota-user=projects/productbulider-week1
[debug] [2026-01-28T09:16:59.355Z] >>> [apiv2][query] GET https://serviceusage.googleapis.com/v1/projects/productbulider-week1/services/storage.googleapis.com [none]
[debug] [2026-01-28T09:16:59.355Z] >>> [apiv2][(partial)header] GET https://serviceusage.googleapis.com/v1/projects/productbulider-week1/services/storage.googleapis.com x-goog-quota-user=projects/productbulider-week1
[debug] [2026-01-28T09:16:59.356Z] >>> [apiv2][query] GET https://serviceusage.googleapis.com/v1/projects/productbulider-week1/services/firebasedataconnect.googleapis.com [none]
[debug] [2026-01-28T09:16:59.356Z] >>> [apiv2][(partial)header] GET https://serviceusage.googleapis.com/v1/projects/productbulider-week1/services/firebasedataconnect.googleapis.com x-goog-quota-user=projects/productbulider-week1
[debug] [2026-01-28T09:16:59.357Z] >>> [apiv2][query] GET https://serviceusage.googleapis.com/v1/projects/productbulider-week1/services/identitytoolkit.googleapis.com [none]
[debug] [2026-01-28T09:16:59.358Z] >>> [apiv2][(partial)header] GET https://serviceusage.googleapis.com/v1/projects/productbulider-week1/services/identitytoolkit.googleapis.com x-goog-quota-user=projects/productbulider-week1
[debug] [2026-01-28T09:16:59.359Z] >>> [apiv2][query] GET https://serviceusage.googleapis.com/v1/projects/productbulider-week1/services/fcm.googleapis.com [none]
[debug] [2026-01-28T09:16:59.359Z] >>> [apiv2][(partial)header] GET https://serviceusage.googleapis.com/v1/projects/productbulider-week1/services/fcm.googleapis.com x-goog-quota-user=projects/productbulider-week1
[debug] [2026-01-28T09:16:59.361Z] >>> [apiv2][query] GET https://serviceusage.googleapis.com/v1/projects/productbulider-week1/services/cloudfunctions.googleapis.com [none]
[debug] [2026-01-28T09:16:59.361Z] >>> [apiv2][(partial)header] GET https://serviceusage.googleapis.com/v1/projects/productbulider-week1/services/cloudfunctions.googleapis.com x-goog-quota-user=projects/productbulider-week1
[debug] [2026-01-28T09:16:59.362Z] >>> [apiv2][query] GET https://serviceusage.googleapis.com/v1/projects/productbulider-week1/services/firebaseremoteconfig.googleapis.com [none]
[debug] [2026-01-28T09:16:59.362Z] >>> [apiv2][(partial)header] GET https://serviceusage.googleapis.com/v1/projects/productbulider-week1/services/firebaseremoteconfig.googleapis.com x-goog-quota-user=projects/productbulider-week1
[debug] [2026-01-28T09:16:59.364Z] >>> [apiv2][query] GET https://serviceusage.googleapis.com/v1/projects/productbulider-week1/services/firebaseapphosting.googleapis.com [none]
[debug] [2026-01-28T09:16:59.364Z] >>> [apiv2][(partial)header] GET https://serviceusage.googleapis.com/v1/projects/productbulider-week1/services/firebaseapphosting.googleapis.com x-goog-quota-user=projects/productbulider-week1
[debug] [2026-01-28T09:16:59.365Z] >>> [apiv2][query] GET https://serviceusage.googleapis.com/v1/projects/productbulider-week1/services/firebaseio.com [none]
[debug] [2026-01-28T09:16:59.366Z] >>> [apiv2][(partial)header] GET https://serviceusage.googleapis.com/v1/projects/productbulider-week1/services/firebaseio.com x-goog-quota-user=projects/productbulider-week1
[debug] [2026-01-28T09:16:59.406Z] <<< [apiv2][status] GET https://cloudbilling.googleapis.com/v1/projects/productbulider-week1/billingInfo 200
[debug] [2026-01-28T09:16:59.406Z] <<< [apiv2][body] GET https://cloudbilling.googleapis.com/v1/projects/productbulider-week1/billingInfo {"name":"projects/productbulider-week1/billingInfo","projectId":"productbulider-week1","billingAccountName":"","billingEnabled":false}
[debug] [2026-01-28T09:16:59.407Z] No OAuth tokens found
[debug] [2026-01-28T09:16:59.407Z] No OAuth tokens found
[debug] [2026-01-28T09:16:59.407Z] > command requires scopes: ["email","openid","https://www.googleapis.com/auth/cloudplatformprojects.readonly","https://www.googleapis.com/auth/firebase","https://www.googleapis.com/auth/cloud-platform","https://www.googleapis.com/auth/userinfo.email"]
[debug] [2026-01-28T09:16:59.407Z] > authorizing via signed-in user (dakdlsj@gmail.com)
[debug] [2026-01-28T09:16:59.408Z] No OAuth tokens found
[debug] [2026-01-28T09:16:59.408Z] No OAuth tokens found
[debug] [2026-01-28T09:16:59.408Z] > command requires scopes: ["email","openid","https://www.googleapis.com/auth/cloudplatformprojects.readonly","https://www.googleapis.com/auth/firebase","https://www.googleapis.com/auth/cloud-platform","https://www.googleapis.com/auth/userinfo.email"]
[debug] [2026-01-28T09:16:59.408Z] > authorizing via signed-in user (dakdlsj@gmail.com)
[debug] [2026-01-28T09:16:59.408Z] No OAuth tokens found
[debug] [2026-01-28T09:16:59.408Z] No OAuth tokens found
[debug] [2026-01-28T09:16:59.408Z] > command requires scopes: ["email","openid","https://www.googleapis.com/auth/cloudplatformprojects.readonly","https://www.googleapis.com/auth/firebase","https://www.googleapis.com/auth/cloud-platform","https://www.googleapis.com/auth/userinfo.email"]
[debug] [2026-01-28T09:16:59.409Z] > authorizing via signed-in user (dakdlsj@gmail.com)
[debug] [2026-01-28T09:16:59.409Z] No OAuth tokens found
[debug] [2026-01-28T09:16:59.409Z] No OAuth tokens found
[debug] [2026-01-28T09:16:59.409Z] > command requires scopes: ["email","openid","https://www.googleapis.com/auth/cloudplatformprojects.readonly","https://www.googleapis.com/auth/firebase","https://www.googleapis.com/auth/cloud-platform","https://www.googleapis.com/auth/userinfo.email"]
[debug] [2026-01-28T09:16:59.409Z] > authorizing via signed-in user (dakdlsj@gmail.com)
[debug] [2026-01-28T09:16:59.410Z] No OAuth tokens found
[debug] [2026-01-28T09:16:59.410Z] No OAuth tokens found
[debug] [2026-01-28T09:16:59.410Z] > command requires scopes: ["email","openid","https://www.googleapis.com/auth/cloudplatformprojects.readonly","https://www.googleapis.com/auth/firebase","https://www.googleapis.com/auth/cloud-platform","https://www.googleapis.com/auth/userinfo.email"]
[debug] [2026-01-28T09:16:59.410Z] > authorizing via signed-in user (dakdlsj@gmail.com)
[debug] [2026-01-28T09:16:59.411Z] No OAuth tokens found
[debug] [2026-01-28T09:16:59.411Z] No OAuth tokens found
[debug] [2026-01-28T09:16:59.411Z] > command requires scopes: ["email","openid","https://www.googleapis.com/auth/cloudplatformprojects.readonly","https://www.googleapis.com/auth/firebase","https://www.googleapis.com/auth/cloud-platform","https://www.googleapis.com/auth/userinfo.email"]
[debug] [2026-01-28T09:16:59.411Z] > authorizing via signed-in user (dakdlsj@gmail.com)
[debug] [2026-01-28T09:16:59.411Z] No OAuth tokens found
[debug] [2026-01-28T09:16:59.411Z] No OAuth tokens found
[debug] [2026-01-28T09:16:59.411Z] > command requires scopes: ["email","openid","https://www.googleapis.com/auth/cloudplatformprojects.readonly","https://www.googleapis.com/auth/firebase","https://www.googleapis.com/auth/cloud-platform","https://www.googleapis.com/auth/userinfo.email"]
[debug] [2026-01-28T09:16:59.411Z] > authorizing via signed-in user (dakdlsj@gmail.com)
[debug] [2026-01-28T09:16:59.418Z] No OAuth tokens found
[debug] [2026-01-28T09:16:59.418Z] No OAuth tokens found
[debug] [2026-01-28T09:16:59.418Z] > command requires scopes: ["email","openid","https://www.googleapis.com/auth/cloudplatformprojects.readonly","https://www.googleapis.com/auth/firebase","https://www.googleapis.com/auth/cloud-platform","https://www.googleapis.com/auth/userinfo.email"]
[debug] [2026-01-28T09:16:59.418Z] > authorizing via signed-in user (dakdlsj@gmail.com)
[debug] [2026-01-28T09:16:59.418Z] No OAuth tokens found
[debug] [2026-01-28T09:16:59.418Z] No OAuth tokens found
[debug] [2026-01-28T09:16:59.419Z] > command requires scopes: ["email","openid","https://www.googleapis.com/auth/cloudplatformprojects.readonly","https://www.googleapis.com/auth/firebase","https://www.googleapis.com/auth/cloud-platform","https://www.googleapis.com/auth/userinfo.email"]
[debug] [2026-01-28T09:16:59.419Z] > authorizing via signed-in user (dakdlsj@gmail.com)
[debug] [2026-01-28T09:16:59.419Z] >>> [apiv2][query] GET https://serviceusage.googleapis.com/v1/projects/productbulider-week1/services/firestore.googleapis.com [none]
[debug] [2026-01-28T09:16:59.419Z] >>> [apiv2][(partial)header] GET https://serviceusage.googleapis.com/v1/projects/productbulider-week1/services/firestore.googleapis.com x-goog-quota-user=projects/productbulider-week1
[debug] [2026-01-28T09:16:59.421Z] >>> [apiv2][query] GET https://serviceusage.googleapis.com/v1/projects/productbulider-week1/services/storage.googleapis.com [none]
[debug] [2026-01-28T09:16:59.421Z] >>> [apiv2][(partial)header] GET https://serviceusage.googleapis.com/v1/projects/productbulider-week1/services/storage.googleapis.com x-goog-quota-user=projects/productbulider-week1
[debug] [2026-01-28T09:16:59.423Z] >>> [apiv2][query] GET https://serviceusage.googleapis.com/v1/projects/productbulider-week1/services/firebasedataconnect.googleapis.com [none]
[debug] [2026-01-28T09:16:59.423Z] >>> [apiv2][(partial)header] GET https://serviceusage.googleapis.com/v1/projects/productbulider-week1/services/firebasedataconnect.googleapis.com x-goog-quota-user=projects/productbulider-week1
[debug] [2026-01-28T09:16:59.427Z] >>> [apiv2][query] GET https://serviceusage.googleapis.com/v1/projects/productbulider-week1/services/identitytoolkit.googleapis.com [none]
[debug] [2026-01-28T09:16:59.427Z] >>> [apiv2][(partial)header] GET https://serviceusage.googleapis.com/v1/projects/productbulider-week1/services/identitytoolkit.googleapis.com x-goog-quota-user=projects/productbulider-week1
[debug] [2026-01-28T09:16:59.429Z] >>> [apiv2][query] GET https://serviceusage.googleapis.com/v1/projects/productbulider-week1/services/fcm.googleapis.com [none]
[debug] [2026-01-28T09:16:59.429Z] >>> [apiv2][(partial)header] GET https://serviceusage.googleapis.com/v1/projects/productbulider-week1/services/fcm.googleapis.com x-goog-quota-user=projects/productbulider-week1
[debug] [2026-01-28T09:16:59.430Z] >>> [apiv2][query] GET https://serviceusage.googleapis.com/v1/projects/productbulider-week1/services/cloudfunctions.googleapis.com [none]
[debug] [2026-01-28T09:16:59.430Z] >>> [apiv2][(partial)header] GET https://serviceusage.googleapis.com/v1/projects/productbulider-week1/services/cloudfunctions.googleapis.com x-goog-quota-user=projects/productbulider-week1
[debug] [2026-01-28T09:16:59.431Z] >>> [apiv2][query] GET https://serviceusage.googleapis.com/v1/projects/productbulider-week1/services/firebaseremoteconfig.googleapis.com [none]
[debug] [2026-01-28T09:16:59.431Z] >>> [apiv2][(partial)header] GET https://serviceusage.googleapis.com/v1/projects/productbulider-week1/services/firebaseremoteconfig.googleapis.com x-goog-quota-user=projects/productbulider-week1
[debug] [2026-01-28T09:16:59.432Z] >>> [apiv2][query] GET https://serviceusage.googleapis.com/v1/projects/productbulider-week1/services/firebaseapphosting.googleapis.com [none]
[debug] [2026-01-28T09:16:59.432Z] >>> [apiv2][(partial)header] GET https://serviceusage.googleapis.com/v1/projects/productbulider-week1/services/firebaseapphosting.googleapis.com x-goog-quota-user=projects/productbulider-week1
[debug] [2026-01-28T09:16:59.433Z] >>> [apiv2][query] GET https://serviceusage.googleapis.com/v1/projects/productbulider-week1/services/firebaseio.com [none]
[debug] [2026-01-28T09:16:59.433Z] >>> [apiv2][(partial)header] GET https://serviceusage.googleapis.com/v1/projects/productbulider-week1/services/firebaseio.com x-goog-quota-user=projects/productbulider-week1
[debug] [2026-01-28T09:17:00.367Z] <<< [apiv2][status] GET https://serviceusage.googleapis.com/v1/projects/productbulider-week1/services/firebaseio.com 403
[debug] [2026-01-28T09:17:00.367Z] <<< [apiv2][body] GET https://serviceusage.googleapis.com/v1/projects/productbulider-week1/services/firebaseio.com [omitted]
[debug] [2026-01-28T09:17:00.402Z] <<< [apiv2][status] GET https://serviceusage.googleapis.com/v1/projects/productbulider-week1/services/fcm.googleapis.com 200
[debug] [2026-01-28T09:17:00.402Z] <<< [apiv2][body] GET https://serviceusage.googleapis.com/v1/projects/productbulider-week1/services/fcm.googleapis.com [omitted]
[debug] [2026-01-28T09:17:00.431Z] <<< [apiv2][status] GET https://serviceusage.googleapis.com/v1/projects/productbulider-week1/services/firebaseremoteconfig.googleapis.com 200
[debug] [2026-01-28T09:17:00.431Z] <<< [apiv2][body] GET https://serviceusage.googleapis.com/v1/projects/productbulider-week1/services/firebaseremoteconfig.googleapis.com [omitted]
[debug] [2026-01-28T09:17:00.456Z] <<< [apiv2][status] GET https://serviceusage.googleapis.com/v1/projects/productbulider-week1/services/firebaseapphosting.googleapis.com 200
[debug] [2026-01-28T09:17:00.457Z] <<< [apiv2][body] GET https://serviceusage.googleapis.com/v1/projects/productbulider-week1/services/firebaseapphosting.googleapis.com [omitted]
[debug] [2026-01-28T09:17:00.461Z] <<< [apiv2][status] GET https://serviceusage.googleapis.com/v1/projects/productbulider-week1/services/storage.googleapis.com 200
[debug] [2026-01-28T09:17:00.463Z] <<< [apiv2][body] GET https://serviceusage.googleapis.com/v1/projects/productbulider-week1/services/storage.googleapis.com [omitted]
[debug] [2026-01-28T09:17:00.504Z] <<< [apiv2][status] GET https://serviceusage.googleapis.com/v1/projects/productbulider-week1/services/fcm.googleapis.com 200
[debug] [2026-01-28T09:17:00.504Z] <<< [apiv2][body] GET https://serviceusage.googleapis.com/v1/projects/productbulider-week1/services/fcm.googleapis.com [omitted]
[debug] [2026-01-28T09:17:00.533Z] <<< [apiv2][status] GET https://serviceusage.googleapis.com/v1/projects/productbulider-week1/services/firebaseio.com 403
[debug] [2026-01-28T09:17:00.533Z] <<< [apiv2][body] GET https://serviceusage.googleapis.com/v1/projects/productbulider-week1/services/firebaseio.com [omitted]
[debug] [2026-01-28T09:17:00.538Z] <<< [apiv2][status] GET https://serviceusage.googleapis.com/v1/projects/productbulider-week1/services/identitytoolkit.googleapis.com 200
[debug] [2026-01-28T09:17:00.538Z] <<< [apiv2][body] GET https://serviceusage.googleapis.com/v1/projects/productbulider-week1/services/identitytoolkit.googleapis.com [omitted]
[debug] [2026-01-28T09:17:00.548Z] <<< [apiv2][status] GET https://serviceusage.googleapis.com/v1/projects/productbulider-week1/services/firestore.googleapis.com 200
[debug] [2026-01-28T09:17:00.548Z] <<< [apiv2][body] GET https://serviceusage.googleapis.com/v1/projects/productbulider-week1/services/firestore.googleapis.com [omitted]
[debug] [2026-01-28T09:17:00.549Z] <<< [apiv2][status] GET https://serviceusage.googleapis.com/v1/projects/productbulider-week1/services/identitytoolkit.googleapis.com 200
[debug] [2026-01-28T09:17:00.549Z] <<< [apiv2][body] GET https://serviceusage.googleapis.com/v1/projects/productbulider-week1/services/identitytoolkit.googleapis.com [omitted]
[debug] [2026-01-28T09:17:00.559Z] <<< [apiv2][status] GET https://serviceusage.googleapis.com/v1/projects/productbulider-week1/services/cloudfunctions.googleapis.com 200
[debug] [2026-01-28T09:17:00.559Z] <<< [apiv2][body] GET https://serviceusage.googleapis.com/v1/projects/productbulider-week1/services/cloudfunctions.googleapis.com [omitted]
[debug] [2026-01-28T09:17:00.563Z] <<< [apiv2][status] GET https://serviceusage.googleapis.com/v1/projects/productbulider-week1/services/storage.googleapis.com 200
[debug] [2026-01-28T09:17:00.564Z] <<< [apiv2][body] GET https://serviceusage.googleapis.com/v1/projects/productbulider-week1/services/storage.googleapis.com [omitted]
[debug] [2026-01-28T09:17:00.577Z] <<< [apiv2][status] GET https://serviceusage.googleapis.com/v1/projects/productbulider-week1/services/cloudfunctions.googleapis.com 200
[debug] [2026-01-28T09:17:00.577Z] <<< [apiv2][body] GET https://serviceusage.googleapis.com/v1/projects/productbulider-week1/services/cloudfunctions.googleapis.com [omitted]
[debug] [2026-01-28T09:17:00.584Z] <<< [apiv2][status] GET https://serviceusage.googleapis.com/v1/projects/productbulider-week1/services/firebaseapphosting.googleapis.com 200
[debug] [2026-01-28T09:17:00.584Z] <<< [apiv2][body] GET https://serviceusage.googleapis.com/v1/projects/productbulider-week1/services/firebaseapphosting.googleapis.com [omitted]
[debug] [2026-01-28T09:17:00.585Z] <<< [apiv2][status] GET https://serviceusage.googleapis.com/v1/projects/productbulider-week1/services/firebasedataconnect.googleapis.com 200
[debug] [2026-01-28T09:17:00.585Z] <<< [apiv2][body] GET https://serviceusage.googleapis.com/v1/projects/productbulider-week1/services/firebasedataconnect.googleapis.com [omitted]
[debug] [2026-01-28T09:17:00.592Z] <<< [apiv2][status] GET https://serviceusage.googleapis.com/v1/projects/productbulider-week1/services/firestore.googleapis.com 200
[debug] [2026-01-28T09:17:00.592Z] <<< [apiv2][body] GET https://serviceusage.googleapis.com/v1/projects/productbulider-week1/services/firestore.googleapis.com [omitted]
[debug] [2026-01-28T09:17:00.596Z] <<< [apiv2][status] GET https://serviceusage.googleapis.com/v1/projects/productbulider-week1/services/firebaseremoteconfig.googleapis.com 200
[debug] [2026-01-28T09:17:00.596Z] <<< [apiv2][body] GET https://serviceusage.googleapis.com/v1/projects/productbulider-week1/services/firebaseremoteconfig.googleapis.com [omitted]
[debug] [2026-01-28T09:17:00.608Z] <<< [apiv2][status] GET https://serviceusage.googleapis.com/v1/projects/productbulider-week1/services/firebasedataconnect.googleapis.com 200
[debug] [2026-01-28T09:17:00.608Z] <<< [apiv2][body] GET https://serviceusage.googleapis.com/v1/projects/productbulider-week1/services/firebasedataconnect.googleapis.com [omitted]
[error] Failed to fetch Firebase Project from Studio Workspace because WORKSPACE_SLUG environment variable is empty
[error] Failed to fetch Firebase Project from Studio Workspace because WORKSPACE_SLUG environment variable is empty
[error] Failed to fetch Firebase Project from Studio Workspace because WORKSPACE_SLUG environment variable is empty
[debug] [2026-01-28T09:17:00.621Z] > command requires scopes: ["email","openid","https://www.googleapis.com/auth/cloudplatformprojects.readonly","https://www.googleapis.com/auth/firebase","https://www.googleapis.com/auth/cloud-platform","https://www.googleapis.com/auth/userinfo.email"]
[debug] [2026-01-28T09:17:00.622Z] > authorizing via signed-in user (dakdlsj@gmail.com)
[debug] [2026-01-28T09:17:00.622Z] No OAuth tokens found
[debug] [2026-01-28T09:17:00.622Z] No OAuth tokens found
[debug] [2026-01-28T09:17:00.622Z] > command requires scopes: ["email","openid","https://www.googleapis.com/auth/cloudplatformprojects.readonly","https://www.googleapis.com/auth/firebase","https://www.googleapis.com/auth/cloud-platform","https://www.googleapis.com/auth/userinfo.email"]
[debug] [2026-01-28T09:17:00.622Z] > authorizing via signed-in user (dakdlsj@gmail.com)
[debug] [2026-01-28T09:17:00.623Z] >>> [apiv2][query] GET https://cloudbilling.googleapis.com/v1/projects/productbulider-week1/billingInfo [none]
[debug] [2026-01-28T09:17:00.857Z] <<< [apiv2][status] GET https://cloudbilling.googleapis.com/v1/projects/productbulider-week1/billingInfo 200
[debug] [2026-01-28T09:17:00.857Z] <<< [apiv2][body] GET https://cloudbilling.googleapis.com/v1/projects/productbulider-week1/billingInfo {"name":"projects/productbulider-week1/billingInfo","projectId":"productbulider-week1","billingAccountName":"","billingEnabled":false}
[error] Failed to fetch Firebase Project from Studio Workspace because WORKSPACE_SLUG environment variable is empty
[debug] [2026-01-28T09:17:00.873Z] > command requires scopes: ["email","openid","https://www.googleapis.com/auth/cloudplatformprojects.readonly","https://www.googleapis.com/auth/firebase","https://www.googleapis.com/auth/cloud-platform","https://www.googleapis.com/auth/userinfo.email"]
[debug] [2026-01-28T09:17:00.873Z] > authorizing via signed-in user (dakdlsj@gmail.com)
[error] Failed to fetch Firebase Project from Studio Workspace because WORKSPACE_SLUG environment variable is empty
[error] Failed to fetch Firebase Project from Studio Workspace because WORKSPACE_SLUG environment variable is empty
[error] Failed to fetch Firebase Project from Studio Workspace because WORKSPACE_SLUG environment variable is empty
[debug] [2026-01-28T09:17:00.904Z] > command requires scopes: ["email","openid","https://www.googleapis.com/auth/cloudplatformprojects.readonly","https://www.googleapis.com/auth/firebase","https://www.googleapis.com/auth/cloud-platform","https://www.googleapis.com/auth/userinfo.email"]
[debug] [2026-01-28T09:17:00.904Z] > authorizing via signed-in user (dakdlsj@gmail.com)
[debug] [2026-01-28T09:17:00.905Z] No OAuth tokens found
[debug] [2026-01-28T09:17:00.905Z] No OAuth tokens found
[debug] [2026-01-28T09:17:00.905Z] > command requires scopes: ["email","openid","https://www.googleapis.com/auth/cloudplatformprojects.readonly","https://www.googleapis.com/auth/firebase","https://www.googleapis.com/auth/cloud-platform","https://www.googleapis.com/auth/userinfo.email"]
[debug] [2026-01-28T09:17:00.905Z] > authorizing via signed-in user (dakdlsj@gmail.com)
[debug] [2026-01-28T09:17:00.905Z] >>> [apiv2][query] GET https://cloudbilling.googleapis.com/v1/projects/productbulider-week1/billingInfo [none]
[error] Failed to fetch Firebase Project from Studio Workspace because WORKSPACE_SLUG environment variable is empty
[error] Failed to fetch Firebase Project from Studio Workspace because WORKSPACE_SLUG environment variable is empty
[error] Failed to fetch Firebase Project from Studio Workspace because WORKSPACE_SLUG environment variable is empty
[debug] [2026-01-28T09:17:00.910Z] > command requires scopes: ["email","openid","https://www.googleapis.com/auth/cloudplatformprojects.readonly","https://www.googleapis.com/auth/firebase","https://www.googleapis.com/auth/cloud-platform","https://www.googleapis.com/auth/userinfo.email"]
[debug] [2026-01-28T09:17:00.910Z] > authorizing via signed-in user (dakdlsj@gmail.com)
[debug] [2026-01-28T09:17:00.910Z] No OAuth tokens found
[debug] [2026-01-28T09:17:00.910Z] No OAuth tokens found
[debug] [2026-01-28T09:17:00.911Z] > command requires scopes: ["email","openid","https://www.googleapis.com/auth/cloudplatformprojects.readonly","https://www.googleapis.com/auth/firebase","https://www.googleapis.com/auth/cloud-platform","https://www.googleapis.com/auth/userinfo.email"]
[debug] [2026-01-28T09:17:00.911Z] > authorizing via signed-in user (dakdlsj@gmail.com)
[debug] [2026-01-28T09:17:00.911Z] >>> [apiv2][query] GET https://cloudbilling.googleapis.com/v1/projects/productbulider-week1/billingInfo [none]
[debug] [2026-01-28T09:17:01.911Z] <<< [apiv2][status] GET https://cloudbilling.googleapis.com/v1/projects/productbulider-week1/billingInfo 200
[debug] [2026-01-28T09:17:01.912Z] <<< [apiv2][body] GET https://cloudbilling.googleapis.com/v1/projects/productbulider-week1/billingInfo {"name":"projects/productbulider-week1/billingInfo","projectId":"productbulider-week1","billingAccountName":"","billingEnabled":false}
[error] Failed to fetch Firebase Project from Studio Workspace because WORKSPACE_SLUG environment variable is empty
[debug] [2026-01-28T09:17:01.917Z] > command requires scopes: ["email","openid","https://www.googleapis.com/auth/cloudplatformprojects.readonly","https://www.googleapis.com/auth/firebase","https://www.googleapis.com/auth/cloud-platform","https://www.googleapis.com/auth/userinfo.email"]
[debug] [2026-01-28T09:17:01.919Z] > authorizing via signed-in user (dakdlsj@gmail.com)
[debug] [2026-01-28T09:17:01.937Z] <<< [apiv2][status] GET https://cloudbilling.googleapis.com/v1/projects/productbulider-week1/billingInfo 200
[debug] [2026-01-28T09:17:01.938Z] <<< [apiv2][body] GET https://cloudbilling.googleapis.com/v1/projects/productbulider-week1/billingInfo {"name":"projects/productbulider-week1/billingInfo","projectId":"productbulider-week1","billingAccountName":"","billingEnabled":false}
[error] Failed to fetch Firebase Project from Studio Workspace because WORKSPACE_SLUG environment variable is empty
[debug] [2026-01-28T09:17:01.940Z] > command requires scopes: ["email","openid","https://www.googleapis.com/auth/cloudplatformprojects.readonly","https://www.googleapis.com/auth/firebase","https://www.googleapis.com/auth/cloud-platform","https://www.googleapis.com/auth/userinfo.email"]
[debug] [2026-01-28T09:17:01.940Z] > authorizing via signed-in user (dakdlsj@gmail.com)
[debug] [2026-01-28T09:24:38.888Z] ----------------------------------------------------------------------
[debug] [2026-01-28T09:24:38.890Z] Command:       /nix/store/ws50yvm6vzlzf7jzz6n7xh4szddrack1-nodejs-20.19.1/bin/node /nix/store/c776mhyhgykcld7p90ajrka149ifn61a-firebase-tools-14.26.0/lib/node_modules/firebase-tools/lib/bin/firebase.js init hosting
[debug] [2026-01-28T09:24:38.891Z] CLI Version:   14.26.0
[debug] [2026-01-28T09:24:38.891Z] Platform:      linux
[debug] [2026-01-28T09:24:38.891Z] Node Version:  v20.19.1
[debug] [2026-01-28T09:24:38.891Z] Time:          Wed Jan 28 2026 09:24:38 GMT+0000 (Coordinated Universal Time)
[debug] [2026-01-28T09:24:38.891Z] ----------------------------------------------------------------------
[debug] 
[debug] [2026-01-28T09:24:38.893Z] >>> [apiv2][query] GET https://firebase-public.firebaseio.com/cli.json [none]
[debug] [2026-01-28T09:24:39.363Z] No OAuth tokens found
[debug] [2026-01-28T09:24:39.364Z] No OAuth tokens found
[error] Failed to fetch Firebase Project from current Studio Workspace: Unable to refresh auth: not yet authenticated.
[info] 
     ######## #### ########  ######## ########     ###     ######  ########
     ##        ##  ##     ## ##       ##     ##  ##   ##  ##       ##
     ######    ##  ########  ######   ########  #########  ######  ######
     ##        ##  ##    ##  ##       ##     ## ##     ##       ## ##
     ##       #### ##     ## ######## ########  ##     ##  ######  ########

You're about to initialize a Firebase project in this directory:

  /home/user/productbulider-week1

Before we get started, keep in mind:

  * You are initializing within an existing Firebase project directory

[info] 
=== Project Setup
[info] 
[info] First, let's associate this project directory with a Firebase project.
[info] You can create multiple project aliases by running firebase use --add, 
[info] 
[debug] [2026-01-28T09:24:39.373Z] > command requires scopes: ["email","openid","https://www.googleapis.com/auth/cloudplatformprojects.readonly","https://www.googleapis.com/auth/firebase","https://www.googleapis.com/auth/cloud-platform","https://www.googleapis.com/auth/userinfo.email"]
[debug] [2026-01-28T09:24:39.373Z] > authorizing via signed-in user (dakdlsj@gmail.com)
[debug] [2026-01-28T09:24:39.373Z] No OAuth tokens found
[debug] [2026-01-28T09:24:39.373Z] No OAuth tokens found
[debug] [2026-01-28T09:24:39.373Z] > command requires scopes: ["email","openid","https://www.googleapis.com/auth/cloudplatformprojects.readonly","https://www.googleapis.com/auth/firebase","https://www.googleapis.com/auth/cloud-platform","https://www.googleapis.com/auth/userinfo.email"]
[debug] [2026-01-28T09:24:39.374Z] > authorizing via signed-in user (dakdlsj@gmail.com)
[debug] [2026-01-28T09:24:39.374Z] >>> [apiv2][query] GET https://firebase.googleapis.com/v1beta1/projects/productbulider-week1 [none]
[debug] [2026-01-28T09:24:39.658Z] <<< [apiv2][status] GET https://firebase.googleapis.com/v1beta1/projects/productbulider-week1 200
[debug] [2026-01-28T09:24:39.660Z] <<< [apiv2][body] GET https://firebase.googleapis.com/v1beta1/projects/productbulider-week1 {"projectId":"productbulider-week1","projectNumber":"458872253209","displayName":"productbulider-week1","name":"projects/productbulider-week1","resources":{"hostingSite":"productbulider-week1"},"state":"ACTIVE","etag":"1_5b71785e-81a4-4da5-b2e1-3674fa39355f"}
[info] i  Using project productbulider-week1 (productbulider-week1) . 
[info] 
=== Hosting Setup
[debug] [2026-01-28T09:24:39.671Z] No OAuth tokens found
[debug] [2026-01-28T09:24:39.671Z] No OAuth tokens found
[debug] [2026-01-28T09:24:39.671Z] > command requires scopes: ["email","openid","https://www.googleapis.com/auth/cloudplatformprojects.readonly","https://www.googleapis.com/auth/firebase","https://www.googleapis.com/auth/cloud-platform","https://www.googleapis.com/auth/userinfo.email"]
[debug] [2026-01-28T09:24:39.671Z] > authorizing via signed-in user (dakdlsj@gmail.com)
[debug] [2026-01-28T09:24:39.671Z] >>> [apiv2][query] GET https://firebase.googleapis.com/v1beta1/projects/productbulider-week1 [none]
[debug] [2026-01-28T09:24:39.916Z] <<< [apiv2][status] GET https://firebase.googleapis.com/v1beta1/projects/productbulider-week1 200
[debug] [2026-01-28T09:24:39.916Z] <<< [apiv2][body] GET https://firebase.googleapis.com/v1beta1/projects/productbulider-week1 {"projectId":"productbulider-week1","projectNumber":"458872253209","displayName":"productbulider-week1","name":"projects/productbulider-week1","resources":{"hostingSite":"productbulider-week1"},"state":"ACTIVE","etag":"1_5b71785e-81a4-4da5-b2e1-3674fa39355f"}
[info] 
[info] Your public directory is the folder (relative to your project directory) that
[info] will contain Hosting assets to be uploaded with firebase deploy. If you
[info] have a build process for your assets, use your build's output directory.
[info] 
[debug] [2026-01-28T09:24:40.458Z] <<< [apiv2][status] GET https://firebase-public.firebaseio.com/cli.json 200
[debug] [2026-01-28T09:24:40.458Z] <<< [apiv2][body] GET https://firebase-public.firebaseio.com/cli.json {"cloudBuildErrorAfter":1594252800000,"cloudBuildWarnAfter":1590019200000,"defaultNode10After":1594252800000,"minVersion":"3.0.5","node8DeploysDisabledAfter":1613390400000,"node8RuntimeDisabledAfter":1615809600000,"node8WarnAfter":1600128000000}
